03-03-2019 14:36:55.749 [restartedMain] !ERROR! 'c.e.c.s.impl.TelegramServiceImpl.<init>': Telegram database library not installed!
java.lang.UnsatisfiedLinkError: no tdjni in java.library.path
	at java.lang.ClassLoader.loadLibrary(ClassLoader.java:1867)
	at java.lang.Runtime.loadLibrary0(Runtime.java:870)
	at java.lang.System.loadLibrary(System.java:1122)
	at com.ewp.crm.service.impl.TelegramServiceImpl.<init>(TelegramServiceImpl.java:88)
	at sun.reflect.NativeConstructorAccessorImpl.newInstance0(Native Method)
	at sun.reflect.NativeConstructorAccessorImpl.newInstance(NativeConstructorAccessorImpl.java:62)
	at sun.reflect.DelegatingConstructorAccessorImpl.newInstance(DelegatingConstructorAccessorImpl.java:45)
	at java.lang.reflect.Constructor.newInstance(Constructor.java:423)
	at org.springframework.beans.BeanUtils.instantiateClass(BeanUtils.java:170)
	at org.springframework.beans.factory.support.SimpleInstantiationStrategy.instantiate(SimpleInstantiationStrategy.java:117)
	at org.springframework.beans.factory.support.ConstructorResolver.autowireConstructor(ConstructorResolver.java:275)
	at org.springframework.beans.factory.support.AbstractAutowireCapableBeanFactory.autowireConstructor(AbstractAutowireCapableBeanFactory.java:1267)
	at org.springframework.beans.factory.support.AbstractAutowireCapableBeanFactory.createBeanInstance(AbstractAutowireCapableBeanFactory.java:1124)
	at org.springframework.beans.factory.support.AbstractAutowireCapableBeanFactory.doCreateBean(AbstractAutowireCapableBeanFactory.java:535)
	at org.springframework.beans.factory.support.AbstractAutowireCapableBeanFactory.createBean(AbstractAutowireCapableBeanFactory.java:495)
	at org.springframework.beans.factory.support.AbstractBeanFactory.lambda$doGetBean$0(AbstractBeanFactory.java:317)
	at org.springframework.beans.factory.support.DefaultSingletonBeanRegistry.getSingleton(DefaultSingletonBeanRegistry.java:222)
	at org.springframework.beans.factory.support.AbstractBeanFactory.doGetBean(AbstractBeanFactory.java:315)
	at org.springframework.beans.factory.support.AbstractBeanFactory.getBean(AbstractBeanFactory.java:199)
	at org.springframework.beans.factory.config.DependencyDescriptor.resolveCandidate(DependencyDescriptor.java:251)
	at org.springframework.beans.factory.support.DefaultListableBeanFactory.doResolveDependency(DefaultListableBeanFactory.java:1135)
	at org.springframework.beans.factory.support.DefaultListableBeanFactory.resolveDependency(DefaultListableBeanFactory.java:1062)
	at org.springframework.beans.factory.support.ConstructorResolver.resolveAutowiredArgument(ConstructorResolver.java:818)
	at org.springframework.beans.factory.support.ConstructorResolver.createArgumentArray(ConstructorResolver.java:724)
	at org.springframework.beans.factory.support.ConstructorResolver.autowireConstructor(ConstructorResolver.java:197)
	at org.springframework.beans.factory.support.AbstractAutowireCapableBeanFactory.autowireConstructor(AbstractAutowireCapableBeanFactory.java:1267)
	at org.springframework.beans.factory.support.AbstractAutowireCapableBeanFactory.createBeanInstance(AbstractAutowireCapableBeanFactory.java:1124)
	at org.springframework.beans.factory.support.AbstractAutowireCapableBeanFactory.doCreateBean(AbstractAutowireCapableBeanFactory.java:535)
	at org.springframework.beans.factory.support.AbstractAutowireCapableBeanFactory.createBean(AbstractAutowireCapableBeanFactory.java:495)
	at org.springframework.beans.factory.support.AbstractBeanFactory.lambda$doGetBean$0(AbstractBeanFactory.java:317)
	at org.springframework.beans.factory.support.DefaultSingletonBeanRegistry.getSingleton(DefaultSingletonBeanRegistry.java:222)
	at org.springframework.beans.factory.support.AbstractBeanFactory.doGetBean(AbstractBeanFactory.java:315)
	at org.springframework.beans.factory.support.AbstractBeanFactory.getBean(AbstractBeanFactory.java:199)
	at org.springframework.beans.factory.support.DefaultListableBeanFactory.preInstantiateSingletons(DefaultListableBeanFactory.java:759)
	at org.springframework.context.support.AbstractApplicationContext.finishBeanFactoryInitialization(AbstractApplicationContext.java:869)
	at org.springframework.context.support.AbstractApplicationContext.refresh(AbstractApplicationContext.java:550)
	at org.springframework.boot.web.servlet.context.ServletWebServerApplicationContext.refresh(ServletWebServerApplicationContext.java:140)
	at org.springframework.boot.SpringApplication.refresh(SpringApplication.java:762)
	at org.springframework.boot.SpringApplication.refreshContext(SpringApplication.java:398)
	at org.springframework.boot.SpringApplication.run(SpringApplication.java:330)
	at org.springframework.boot.SpringApplication.run(SpringApplication.java:1258)
	at org.springframework.boot.SpringApplication.run(SpringApplication.java:1246)
	at com.ewp.crm.CrmApplication.main(CrmApplication.java:12)
	at sun.reflect.NativeMethodAccessorImpl.invoke0(Native Method)
	at sun.reflect.NativeMethodAccessorImpl.invoke(NativeMethodAccessorImpl.java:62)
	at sun.reflect.DelegatingMethodAccessorImpl.invoke(DelegatingMethodAccessorImpl.java:43)
	at java.lang.reflect.Method.invoke(Method.java:498)
	at org.springframework.boot.devtools.restart.RestartLauncher.run(RestartLauncher.java:49)
03-03-2019 14:36:56.038 [restartedMain] !ERROR! 'c.e.c.s.c.JMConversationHelperImpl.<init>': Telegram conversations not available. Tdlib not installed correctly!
03-03-2019 14:37:14.509 [http-nio-9999-exec-7] !INFO ! 'c.e.c.s.h.CustomAuthenticationSuccessHandler.determineTargetUrl': admin@mail.ru has been logged in like ADMIN
03-03-2019 14:37:23.830 [http-nio-9999-exec-6] !INFO ! 'c.e.c.c.rest.ClientRestController.getClientsNewFirst': No more clients
03-03-2019 14:37:31.741 [http-nio-9999-exec-8] !INFO ! 'c.e.c.c.rest.ClientRestController.getClientsNewFirst': No more clients
03-03-2019 14:37:37.535 [http-nio-9999-exec-5] !INFO ! 'c.e.c.c.rest.ClientRestController.getClientsNewFirst': No more clients
03-03-2019 14:38:36.482 [http-nio-9999-exec-8] !INFO ! 'c.e.c.c.r.a.AdminRestClientController.addClient': Stanislav Sorokin has added client: id 75, email qwerty@mail.ru
03-03-2019 14:39:55.058 [restartedMain] !ERROR! 'c.e.c.s.impl.TelegramServiceImpl.<init>': Telegram database library not installed!
java.lang.UnsatisfiedLinkError: no tdjni in java.library.path
	at java.lang.ClassLoader.loadLibrary(ClassLoader.java:1867)
	at java.lang.Runtime.loadLibrary0(Runtime.java:870)
	at java.lang.System.loadLibrary(System.java:1122)
	at com.ewp.crm.service.impl.TelegramServiceImpl.<init>(TelegramServiceImpl.java:88)
	at sun.reflect.NativeConstructorAccessorImpl.newInstance0(Native Method)
	at sun.reflect.NativeConstructorAccessorImpl.newInstance(NativeConstructorAccessorImpl.java:62)
	at sun.reflect.DelegatingConstructorAccessorImpl.newInstance(DelegatingConstructorAccessorImpl.java:45)
	at java.lang.reflect.Constructor.newInstance(Constructor.java:423)
	at org.springframework.beans.BeanUtils.instantiateClass(BeanUtils.java:170)
	at org.springframework.beans.factory.support.SimpleInstantiationStrategy.instantiate(SimpleInstantiationStrategy.java:117)
	at org.springframework.beans.factory.support.ConstructorResolver.autowireConstructor(ConstructorResolver.java:275)
	at org.springframework.beans.factory.support.AbstractAutowireCapableBeanFactory.autowireConstructor(AbstractAutowireCapableBeanFactory.java:1267)
	at org.springframework.beans.factory.support.AbstractAutowireCapableBeanFactory.createBeanInstance(AbstractAutowireCapableBeanFactory.java:1124)
	at org.springframework.beans.factory.support.AbstractAutowireCapableBeanFactory.doCreateBean(AbstractAutowireCapableBeanFactory.java:535)
	at org.springframework.beans.factory.support.AbstractAutowireCapableBeanFactory.createBean(AbstractAutowireCapableBeanFactory.java:495)
	at org.springframework.beans.factory.support.AbstractBeanFactory.lambda$doGetBean$0(AbstractBeanFactory.java:317)
	at org.springframework.beans.factory.support.DefaultSingletonBeanRegistry.getSingleton(DefaultSingletonBeanRegistry.java:222)
	at org.springframework.beans.factory.support.AbstractBeanFactory.doGetBean(AbstractBeanFactory.java:315)
	at org.springframework.beans.factory.support.AbstractBeanFactory.getBean(AbstractBeanFactory.java:199)
	at org.springframework.beans.factory.config.DependencyDescriptor.resolveCandidate(DependencyDescriptor.java:251)
	at org.springframework.beans.factory.support.DefaultListableBeanFactory.doResolveDependency(DefaultListableBeanFactory.java:1135)
	at org.springframework.beans.factory.support.DefaultListableBeanFactory.resolveDependency(DefaultListableBeanFactory.java:1062)
	at org.springframework.beans.factory.support.ConstructorResolver.resolveAutowiredArgument(ConstructorResolver.java:818)
	at org.springframework.beans.factory.support.ConstructorResolver.createArgumentArray(ConstructorResolver.java:724)
	at org.springframework.beans.factory.support.ConstructorResolver.autowireConstructor(ConstructorResolver.java:197)
	at org.springframework.beans.factory.support.AbstractAutowireCapableBeanFactory.autowireConstructor(AbstractAutowireCapableBeanFactory.java:1267)
	at org.springframework.beans.factory.support.AbstractAutowireCapableBeanFactory.createBeanInstance(AbstractAutowireCapableBeanFactory.java:1124)
	at org.springframework.beans.factory.support.AbstractAutowireCapableBeanFactory.doCreateBean(AbstractAutowireCapableBeanFactory.java:535)
	at org.springframework.beans.factory.support.AbstractAutowireCapableBeanFactory.createBean(AbstractAutowireCapableBeanFactory.java:495)
	at org.springframework.beans.factory.support.AbstractBeanFactory.lambda$doGetBean$0(AbstractBeanFactory.java:317)
	at org.springframework.beans.factory.support.DefaultSingletonBeanRegistry.getSingleton(DefaultSingletonBeanRegistry.java:222)
	at org.springframework.beans.factory.support.AbstractBeanFactory.doGetBean(AbstractBeanFactory.java:315)
	at org.springframework.beans.factory.support.AbstractBeanFactory.getBean(AbstractBeanFactory.java:199)
	at org.springframework.beans.factory.support.DefaultListableBeanFactory.preInstantiateSingletons(DefaultListableBeanFactory.java:759)
	at org.springframework.context.support.AbstractApplicationContext.finishBeanFactoryInitialization(AbstractApplicationContext.java:869)
	at org.springframework.context.support.AbstractApplicationContext.refresh(AbstractApplicationContext.java:550)
	at org.springframework.boot.web.servlet.context.ServletWebServerApplicationContext.refresh(ServletWebServerApplicationContext.java:140)
	at org.springframework.boot.SpringApplication.refresh(SpringApplication.java:762)
	at org.springframework.boot.SpringApplication.refreshContext(SpringApplication.java:398)
	at org.springframework.boot.SpringApplication.run(SpringApplication.java:330)
	at org.springframework.boot.SpringApplication.run(SpringApplication.java:1258)
	at org.springframework.boot.SpringApplication.run(SpringApplication.java:1246)
	at com.ewp.crm.CrmApplication.main(CrmApplication.java:12)
	at sun.reflect.NativeMethodAccessorImpl.invoke0(Native Method)
	at sun.reflect.NativeMethodAccessorImpl.invoke(NativeMethodAccessorImpl.java:62)
	at sun.reflect.DelegatingMethodAccessorImpl.invoke(DelegatingMethodAccessorImpl.java:43)
	at java.lang.reflect.Method.invoke(Method.java:498)
	at org.springframework.boot.devtools.restart.RestartLauncher.run(RestartLauncher.java:49)
03-03-2019 14:39:55.290 [restartedMain] !ERROR! 'c.e.c.s.c.JMConversationHelperImpl.<init>': Telegram conversations not available. Tdlib not installed correctly!
03-03-2019 14:40:35.372 [restartedMain] !ERROR! 'c.e.c.s.impl.TelegramServiceImpl.<init>': Telegram database library not installed!
java.lang.UnsatisfiedLinkError: no tdjni in java.library.path
	at java.lang.ClassLoader.loadLibrary(ClassLoader.java:1867)
	at java.lang.Runtime.loadLibrary0(Runtime.java:870)
	at java.lang.System.loadLibrary(System.java:1122)
	at com.ewp.crm.service.impl.TelegramServiceImpl.<init>(TelegramServiceImpl.java:88)
	at sun.reflect.NativeConstructorAccessorImpl.newInstance0(Native Method)
	at sun.reflect.NativeConstructorAccessorImpl.newInstance(NativeConstructorAccessorImpl.java:62)
	at sun.reflect.DelegatingConstructorAccessorImpl.newInstance(DelegatingConstructorAccessorImpl.java:45)
	at java.lang.reflect.Constructor.newInstance(Constructor.java:423)
	at org.springframework.beans.BeanUtils.instantiateClass(BeanUtils.java:170)
	at org.springframework.beans.factory.support.SimpleInstantiationStrategy.instantiate(SimpleInstantiationStrategy.java:117)
	at org.springframework.beans.factory.support.ConstructorResolver.autowireConstructor(ConstructorResolver.java:275)
	at org.springframework.beans.factory.support.AbstractAutowireCapableBeanFactory.autowireConstructor(AbstractAutowireCapableBeanFactory.java:1267)
	at org.springframework.beans.factory.support.AbstractAutowireCapableBeanFactory.createBeanInstance(AbstractAutowireCapableBeanFactory.java:1124)
	at org.springframework.beans.factory.support.AbstractAutowireCapableBeanFactory.doCreateBean(AbstractAutowireCapableBeanFactory.java:535)
	at org.springframework.beans.factory.support.AbstractAutowireCapableBeanFactory.createBean(AbstractAutowireCapableBeanFactory.java:495)
	at org.springframework.beans.factory.support.AbstractBeanFactory.lambda$doGetBean$0(AbstractBeanFactory.java:317)
	at org.springframework.beans.factory.support.DefaultSingletonBeanRegistry.getSingleton(DefaultSingletonBeanRegistry.java:222)
	at org.springframework.beans.factory.support.AbstractBeanFactory.doGetBean(AbstractBeanFactory.java:315)
	at org.springframework.beans.factory.support.AbstractBeanFactory.getBean(AbstractBeanFactory.java:199)
	at org.springframework.beans.factory.config.DependencyDescriptor.resolveCandidate(DependencyDescriptor.java:251)
	at org.springframework.beans.factory.support.DefaultListableBeanFactory.doResolveDependency(DefaultListableBeanFactory.java:1135)
	at org.springframework.beans.factory.support.DefaultListableBeanFactory.resolveDependency(DefaultListableBeanFactory.java:1062)
	at org.springframework.beans.factory.support.ConstructorResolver.resolveAutowiredArgument(ConstructorResolver.java:818)
	at org.springframework.beans.factory.support.ConstructorResolver.createArgumentArray(ConstructorResolver.java:724)
	at org.springframework.beans.factory.support.ConstructorResolver.autowireConstructor(ConstructorResolver.java:197)
	at org.springframework.beans.factory.support.AbstractAutowireCapableBeanFactory.autowireConstructor(AbstractAutowireCapableBeanFactory.java:1267)
	at org.springframework.beans.factory.support.AbstractAutowireCapableBeanFactory.createBeanInstance(AbstractAutowireCapableBeanFactory.java:1124)
	at org.springframework.beans.factory.support.AbstractAutowireCapableBeanFactory.doCreateBean(AbstractAutowireCapableBeanFactory.java:535)
	at org.springframework.beans.factory.support.AbstractAutowireCapableBeanFactory.createBean(AbstractAutowireCapableBeanFactory.java:495)
	at org.springframework.beans.factory.support.AbstractBeanFactory.lambda$doGetBean$0(AbstractBeanFactory.java:317)
	at org.springframework.beans.factory.support.DefaultSingletonBeanRegistry.getSingleton(DefaultSingletonBeanRegistry.java:222)
	at org.springframework.beans.factory.support.AbstractBeanFactory.doGetBean(AbstractBeanFactory.java:315)
	at org.springframework.beans.factory.support.AbstractBeanFactory.getBean(AbstractBeanFactory.java:199)
	at org.springframework.beans.factory.support.DefaultListableBeanFactory.preInstantiateSingletons(DefaultListableBeanFactory.java:759)
	at org.springframework.context.support.AbstractApplicationContext.finishBeanFactoryInitialization(AbstractApplicationContext.java:869)
	at org.springframework.context.support.AbstractApplicationContext.refresh(AbstractApplicationContext.java:550)
	at org.springframework.boot.web.servlet.context.ServletWebServerApplicationContext.refresh(ServletWebServerApplicationContext.java:140)
	at org.springframework.boot.SpringApplication.refresh(SpringApplication.java:762)
	at org.springframework.boot.SpringApplication.refreshContext(SpringApplication.java:398)
	at org.springframework.boot.SpringApplication.run(SpringApplication.java:330)
	at org.springframework.boot.SpringApplication.run(SpringApplication.java:1258)
	at org.springframework.boot.SpringApplication.run(SpringApplication.java:1246)
	at com.ewp.crm.CrmApplication.main(CrmApplication.java:12)
	at sun.reflect.NativeMethodAccessorImpl.invoke0(Native Method)
	at sun.reflect.NativeMethodAccessorImpl.invoke(NativeMethodAccessorImpl.java:62)
	at sun.reflect.DelegatingMethodAccessorImpl.invoke(DelegatingMethodAccessorImpl.java:43)
	at java.lang.reflect.Method.invoke(Method.java:498)
	at org.springframework.boot.devtools.restart.RestartLauncher.run(RestartLauncher.java:49)
03-03-2019 14:40:35.641 [restartedMain] !ERROR! 'c.e.c.s.c.JMConversationHelperImpl.<init>': Telegram conversations not available. Tdlib not installed correctly!
03-03-2019 14:41:12.880 [restartedMain] !ERROR! 'c.e.c.s.impl.TelegramServiceImpl.<init>': Telegram database library not installed!
java.lang.UnsatisfiedLinkError: no tdjni in java.library.path
	at java.lang.ClassLoader.loadLibrary(ClassLoader.java:1867)
	at java.lang.Runtime.loadLibrary0(Runtime.java:870)
	at java.lang.System.loadLibrary(System.java:1122)
	at com.ewp.crm.service.impl.TelegramServiceImpl.<init>(TelegramServiceImpl.java:88)
	at sun.reflect.NativeConstructorAccessorImpl.newInstance0(Native Method)
	at sun.reflect.NativeConstructorAccessorImpl.newInstance(NativeConstructorAccessorImpl.java:62)
	at sun.reflect.DelegatingConstructorAccessorImpl.newInstance(DelegatingConstructorAccessorImpl.java:45)
	at java.lang.reflect.Constructor.newInstance(Constructor.java:423)
	at org.springframework.beans.BeanUtils.instantiateClass(BeanUtils.java:170)
	at org.springframework.beans.factory.support.SimpleInstantiationStrategy.instantiate(SimpleInstantiationStrategy.java:117)
	at org.springframework.beans.factory.support.ConstructorResolver.autowireConstructor(ConstructorResolver.java:275)
	at org.springframework.beans.factory.support.AbstractAutowireCapableBeanFactory.autowireConstructor(AbstractAutowireCapableBeanFactory.java:1267)
	at org.springframework.beans.factory.support.AbstractAutowireCapableBeanFactory.createBeanInstance(AbstractAutowireCapableBeanFactory.java:1124)
	at org.springframework.beans.factory.support.AbstractAutowireCapableBeanFactory.doCreateBean(AbstractAutowireCapableBeanFactory.java:535)
	at org.springframework.beans.factory.support.AbstractAutowireCapableBeanFactory.createBean(AbstractAutowireCapableBeanFactory.java:495)
	at org.springframework.beans.factory.support.AbstractBeanFactory.lambda$doGetBean$0(AbstractBeanFactory.java:317)
	at org.springframework.beans.factory.support.DefaultSingletonBeanRegistry.getSingleton(DefaultSingletonBeanRegistry.java:222)
	at org.springframework.beans.factory.support.AbstractBeanFactory.doGetBean(AbstractBeanFactory.java:315)
	at org.springframework.beans.factory.support.AbstractBeanFactory.getBean(AbstractBeanFactory.java:199)
	at org.springframework.beans.factory.config.DependencyDescriptor.resolveCandidate(DependencyDescriptor.java:251)
	at org.springframework.beans.factory.support.DefaultListableBeanFactory.doResolveDependency(DefaultListableBeanFactory.java:1135)
	at org.springframework.beans.factory.support.DefaultListableBeanFactory.resolveDependency(DefaultListableBeanFactory.java:1062)
	at org.springframework.beans.factory.support.ConstructorResolver.resolveAutowiredArgument(ConstructorResolver.java:818)
	at org.springframework.beans.factory.support.ConstructorResolver.createArgumentArray(ConstructorResolver.java:724)
	at org.springframework.beans.factory.support.ConstructorResolver.autowireConstructor(ConstructorResolver.java:197)
	at org.springframework.beans.factory.support.AbstractAutowireCapableBeanFactory.autowireConstructor(AbstractAutowireCapableBeanFactory.java:1267)
	at org.springframework.beans.factory.support.AbstractAutowireCapableBeanFactory.createBeanInstance(AbstractAutowireCapableBeanFactory.java:1124)
	at org.springframework.beans.factory.support.AbstractAutowireCapableBeanFactory.doCreateBean(AbstractAutowireCapableBeanFactory.java:535)
	at org.springframework.beans.factory.support.AbstractAutowireCapableBeanFactory.createBean(AbstractAutowireCapableBeanFactory.java:495)
	at org.springframework.beans.factory.support.AbstractBeanFactory.lambda$doGetBean$0(AbstractBeanFactory.java:317)
	at org.springframework.beans.factory.support.DefaultSingletonBeanRegistry.getSingleton(DefaultSingletonBeanRegistry.java:222)
	at org.springframework.beans.factory.support.AbstractBeanFactory.doGetBean(AbstractBeanFactory.java:315)
	at org.springframework.beans.factory.support.AbstractBeanFactory.getBean(AbstractBeanFactory.java:199)
	at org.springframework.beans.factory.support.DefaultListableBeanFactory.preInstantiateSingletons(DefaultListableBeanFactory.java:759)
	at org.springframework.context.support.AbstractApplicationContext.finishBeanFactoryInitialization(AbstractApplicationContext.java:869)
	at org.springframework.context.support.AbstractApplicationContext.refresh(AbstractApplicationContext.java:550)
	at org.springframework.boot.web.servlet.context.ServletWebServerApplicationContext.refresh(ServletWebServerApplicationContext.java:140)
	at org.springframework.boot.SpringApplication.refresh(SpringApplication.java:762)
	at org.springframework.boot.SpringApplication.refreshContext(SpringApplication.java:398)
	at org.springframework.boot.SpringApplication.run(SpringApplication.java:330)
	at org.springframework.boot.SpringApplication.run(SpringApplication.java:1258)
	at org.springframework.boot.SpringApplication.run(SpringApplication.java:1246)
	at com.ewp.crm.CrmApplication.main(CrmApplication.java:12)
	at sun.reflect.NativeMethodAccessorImpl.invoke0(Native Method)
	at sun.reflect.NativeMethodAccessorImpl.invoke(NativeMethodAccessorImpl.java:62)
	at sun.reflect.DelegatingMethodAccessorImpl.invoke(DelegatingMethodAccessorImpl.java:43)
	at java.lang.reflect.Method.invoke(Method.java:498)
	at org.springframework.boot.devtools.restart.RestartLauncher.run(RestartLauncher.java:49)
03-03-2019 14:41:13.144 [restartedMain] !ERROR! 'c.e.c.s.c.JMConversationHelperImpl.<init>': Telegram conversations not available. Tdlib not installed correctly!
03-03-2019 14:41:29.251 [http-nio-9999-exec-10] !INFO ! 'c.e.c.c.rest.ClientRestController.getClientsNewFirst': No more clients
03-03-2019 14:41:35.087 [http-nio-9999-exec-5] !INFO ! 'c.e.c.c.rest.ClientRestController.getClientsNewFirst': No more clients
03-03-2019 14:41:36.030 [http-nio-9999-exec-3] !INFO ! 'c.e.c.c.rest.ClientRestController.getClientsNewFirst': No more clients
03-03-2019 14:41:52.568 [http-nio-9999-exec-2] !INFO ! 'c.e.c.c.rest.ClientRestController.getClientsNewFirst': No more clients
03-03-2019 14:42:57.994 [http-nio-9999-exec-4] !INFO ! 'c.e.c.c.r.a.AdminRestClientController.updateClient': Stanislav Sorokin has updated client: id 55, email testclient30@gmail.com
03-03-2019 14:44:59.023 [http-nio-9999-exec-10] !INFO ! 'c.e.c.c.rest.ClientRestController.getClientsNewFirst': No more clients
03-03-2019 14:46:38.945 [http-nio-9999-exec-10] !INFO ! 'c.e.c.c.rest.InitRestController.getVkinfoById': Update client id=1 from profile vk
03-03-2019 14:46:39.141 [http-nio-9999-exec-10] !INFO ! 'c.e.c.c.rest.InitRestController.getVkinfoById': Update client id=2 from profile vk
03-03-2019 14:46:39.311 [http-nio-9999-exec-10] !INFO ! 'c.e.c.c.rest.InitRestController.getVkinfoById': Update client id=3 from profile vk
03-03-2019 14:46:39.469 [http-nio-9999-exec-10] !INFO ! 'c.e.c.c.rest.InitRestController.getVkinfoById': Update client id=4 from profile vk
03-03-2019 14:46:39.496 [http-nio-9999-exec-10] !INFO ! 'c.e.c.c.rest.InitRestController.getVkinfoById': Update client id=5 from profile vk
03-03-2019 14:46:39.522 [http-nio-9999-exec-10] !INFO ! 'c.e.c.c.rest.InitRestController.getVkinfoById': Update client id=6 from profile vk
03-03-2019 14:46:39.537 [http-nio-9999-exec-10] !INFO ! 'c.e.c.c.rest.InitRestController.getVkinfoById': Update client id=7 from profile vk
03-03-2019 14:46:39.547 [http-nio-9999-exec-10] !INFO ! 'c.e.c.c.rest.InitRestController.getVkinfoById': Update client id=8 from profile vk
03-03-2019 14:46:39.557 [http-nio-9999-exec-10] !INFO ! 'c.e.c.c.rest.InitRestController.getVkinfoById': Update client id=9 from profile vk
03-03-2019 14:46:39.568 [http-nio-9999-exec-10] !INFO ! 'c.e.c.c.rest.InitRestController.getVkinfoById': Update client id=10 from profile vk
03-03-2019 14:46:39.577 [http-nio-9999-exec-10] !INFO ! 'c.e.c.c.rest.InitRestController.getVkinfoById': Update client id=11 from profile vk
03-03-2019 14:46:39.586 [http-nio-9999-exec-10] !INFO ! 'c.e.c.c.rest.InitRestController.getVkinfoById': Update client id=12 from profile vk
03-03-2019 14:46:39.596 [http-nio-9999-exec-10] !INFO ! 'c.e.c.c.rest.InitRestController.getVkinfoById': Update client id=13 from profile vk
03-03-2019 14:46:39.606 [http-nio-9999-exec-10] !INFO ! 'c.e.c.c.rest.InitRestController.getVkinfoById': Update client id=14 from profile vk
03-03-2019 14:46:39.617 [http-nio-9999-exec-10] !INFO ! 'c.e.c.c.rest.InitRestController.getVkinfoById': Update client id=15 from profile vk
03-03-2019 14:46:39.625 [http-nio-9999-exec-10] !INFO ! 'c.e.c.c.rest.InitRestController.getVkinfoById': Update client id=16 from profile vk
03-03-2019 14:46:39.636 [http-nio-9999-exec-10] !INFO ! 'c.e.c.c.rest.InitRestController.getVkinfoById': Update client id=17 from profile vk
03-03-2019 14:46:39.646 [http-nio-9999-exec-10] !INFO ! 'c.e.c.c.rest.InitRestController.getVkinfoById': Update client id=18 from profile vk
03-03-2019 14:46:39.657 [http-nio-9999-exec-10] !INFO ! 'c.e.c.c.rest.InitRestController.getVkinfoById': Update client id=19 from profile vk
03-03-2019 14:46:39.669 [http-nio-9999-exec-10] !INFO ! 'c.e.c.c.rest.InitRestController.getVkinfoById': Update client id=20 from profile vk
03-03-2019 14:46:39.679 [http-nio-9999-exec-10] !INFO ! 'c.e.c.c.rest.InitRestController.getVkinfoById': Update client id=21 from profile vk
03-03-2019 14:46:39.689 [http-nio-9999-exec-10] !INFO ! 'c.e.c.c.rest.InitRestController.getVkinfoById': Update client id=22 from profile vk
03-03-2019 14:46:39.699 [http-nio-9999-exec-10] !INFO ! 'c.e.c.c.rest.InitRestController.getVkinfoById': Update client id=23 from profile vk
03-03-2019 14:46:39.709 [http-nio-9999-exec-10] !INFO ! 'c.e.c.c.rest.InitRestController.getVkinfoById': Update client id=24 from profile vk
03-03-2019 14:46:39.719 [http-nio-9999-exec-10] !INFO ! 'c.e.c.c.rest.InitRestController.getVkinfoById': Update client id=25 from profile vk
03-03-2019 14:46:39.730 [http-nio-9999-exec-10] !INFO ! 'c.e.c.c.rest.InitRestController.getVkinfoById': Update client id=26 from profile vk
03-03-2019 14:46:39.742 [http-nio-9999-exec-10] !INFO ! 'c.e.c.c.rest.InitRestController.getVkinfoById': Update client id=27 from profile vk
03-03-2019 14:46:39.754 [http-nio-9999-exec-10] !INFO ! 'c.e.c.c.rest.InitRestController.getVkinfoById': Update client id=28 from profile vk
03-03-2019 14:46:39.767 [http-nio-9999-exec-10] !INFO ! 'c.e.c.c.rest.InitRestController.getVkinfoById': Update client id=29 from profile vk
03-03-2019 14:46:39.780 [http-nio-9999-exec-10] !INFO ! 'c.e.c.c.rest.InitRestController.getVkinfoById': Update client id=30 from profile vk
03-03-2019 14:46:39.790 [http-nio-9999-exec-10] !INFO ! 'c.e.c.c.rest.InitRestController.getVkinfoById': Update client id=31 from profile vk
03-03-2019 14:46:39.802 [http-nio-9999-exec-10] !INFO ! 'c.e.c.c.rest.InitRestController.getVkinfoById': Update client id=32 from profile vk
03-03-2019 14:46:39.813 [http-nio-9999-exec-10] !INFO ! 'c.e.c.c.rest.InitRestController.getVkinfoById': Update client id=33 from profile vk
03-03-2019 14:46:39.824 [http-nio-9999-exec-10] !INFO ! 'c.e.c.c.rest.InitRestController.getVkinfoById': Update client id=34 from profile vk
03-03-2019 14:46:39.836 [http-nio-9999-exec-10] !INFO ! 'c.e.c.c.rest.InitRestController.getVkinfoById': Update client id=35 from profile vk
03-03-2019 14:46:39.848 [http-nio-9999-exec-10] !INFO ! 'c.e.c.c.rest.InitRestController.getVkinfoById': Update client id=36 from profile vk
03-03-2019 14:46:39.860 [http-nio-9999-exec-10] !INFO ! 'c.e.c.c.rest.InitRestController.getVkinfoById': Update client id=37 from profile vk
03-03-2019 14:46:39.871 [http-nio-9999-exec-10] !INFO ! 'c.e.c.c.rest.InitRestController.getVkinfoById': Update client id=38 from profile vk
03-03-2019 14:46:39.882 [http-nio-9999-exec-10] !INFO ! 'c.e.c.c.rest.InitRestController.getVkinfoById': Update client id=39 from profile vk
03-03-2019 14:46:39.891 [http-nio-9999-exec-10] !INFO ! 'c.e.c.c.rest.InitRestController.getVkinfoById': Update client id=40 from profile vk
03-03-2019 14:46:39.901 [http-nio-9999-exec-10] !INFO ! 'c.e.c.c.rest.InitRestController.getVkinfoById': Update client id=41 from profile vk
03-03-2019 14:46:39.910 [http-nio-9999-exec-10] !INFO ! 'c.e.c.c.rest.InitRestController.getVkinfoById': Update client id=42 from profile vk
03-03-2019 14:46:39.920 [http-nio-9999-exec-10] !INFO ! 'c.e.c.c.rest.InitRestController.getVkinfoById': Update client id=43 from profile vk
03-03-2019 14:46:39.930 [http-nio-9999-exec-10] !INFO ! 'c.e.c.c.rest.InitRestController.getVkinfoById': Update client id=44 from profile vk
03-03-2019 14:46:39.939 [http-nio-9999-exec-10] !INFO ! 'c.e.c.c.rest.InitRestController.getVkinfoById': Update client id=45 from profile vk
03-03-2019 14:46:39.952 [http-nio-9999-exec-10] !INFO ! 'c.e.c.c.rest.InitRestController.getVkinfoById': Update client id=46 from profile vk
03-03-2019 14:46:39.964 [http-nio-9999-exec-10] !INFO ! 'c.e.c.c.rest.InitRestController.getVkinfoById': Update client id=47 from profile vk
03-03-2019 14:46:39.975 [http-nio-9999-exec-10] !INFO ! 'c.e.c.c.rest.InitRestController.getVkinfoById': Update client id=48 from profile vk
03-03-2019 14:46:39.986 [http-nio-9999-exec-10] !INFO ! 'c.e.c.c.rest.InitRestController.getVkinfoById': Update client id=49 from profile vk
03-03-2019 14:46:39.999 [http-nio-9999-exec-10] !INFO ! 'c.e.c.c.rest.InitRestController.getVkinfoById': Update client id=50 from profile vk
03-03-2019 14:46:40.034 [http-nio-9999-exec-10] !INFO ! 'c.e.c.c.rest.InitRestController.getVkinfoById': Update client id=51 from profile vk
03-03-2019 14:46:40.044 [http-nio-9999-exec-10] !INFO ! 'c.e.c.c.rest.InitRestController.getVkinfoById': Update client id=52 from profile vk
03-03-2019 14:46:40.054 [http-nio-9999-exec-10] !INFO ! 'c.e.c.c.rest.InitRestController.getVkinfoById': Update client id=53 from profile vk
03-03-2019 14:46:40.065 [http-nio-9999-exec-10] !INFO ! 'c.e.c.c.rest.InitRestController.getVkinfoById': Update client id=54 from profile vk
03-03-2019 14:46:40.360 [http-nio-9999-exec-10] !INFO ! 'c.e.c.c.rest.InitRestController.getVkinfoById': Update client id=55 from profile vk
03-03-2019 14:46:40.370 [http-nio-9999-exec-10] !INFO ! 'c.e.c.c.rest.InitRestController.getVkinfoById': Update client id=56 from profile vk
03-03-2019 14:46:40.379 [http-nio-9999-exec-10] !INFO ! 'c.e.c.c.rest.InitRestController.getVkinfoById': Update client id=57 from profile vk
03-03-2019 14:46:40.389 [http-nio-9999-exec-10] !INFO ! 'c.e.c.c.rest.InitRestController.getVkinfoById': Update client id=58 from profile vk
03-03-2019 14:46:40.399 [http-nio-9999-exec-10] !INFO ! 'c.e.c.c.rest.InitRestController.getVkinfoById': Update client id=59 from profile vk
03-03-2019 14:46:40.409 [http-nio-9999-exec-10] !INFO ! 'c.e.c.c.rest.InitRestController.getVkinfoById': Update client id=60 from profile vk
03-03-2019 14:46:40.419 [http-nio-9999-exec-10] !INFO ! 'c.e.c.c.rest.InitRestController.getVkinfoById': Update client id=61 from profile vk
03-03-2019 14:46:40.429 [http-nio-9999-exec-10] !INFO ! 'c.e.c.c.rest.InitRestController.getVkinfoById': Update client id=62 from profile vk
03-03-2019 14:46:40.438 [http-nio-9999-exec-10] !INFO ! 'c.e.c.c.rest.InitRestController.getVkinfoById': Update client id=63 from profile vk
03-03-2019 14:46:40.448 [http-nio-9999-exec-10] !INFO ! 'c.e.c.c.rest.InitRestController.getVkinfoById': Update client id=64 from profile vk
03-03-2019 14:46:40.457 [http-nio-9999-exec-10] !INFO ! 'c.e.c.c.rest.InitRestController.getVkinfoById': Update client id=65 from profile vk
03-03-2019 14:46:40.469 [http-nio-9999-exec-10] !INFO ! 'c.e.c.c.rest.InitRestController.getVkinfoById': Update client id=66 from profile vk
03-03-2019 14:46:40.477 [http-nio-9999-exec-10] !INFO ! 'c.e.c.c.rest.InitRestController.getVkinfoById': Update client id=67 from profile vk
03-03-2019 14:46:40.487 [http-nio-9999-exec-10] !INFO ! 'c.e.c.c.rest.InitRestController.getVkinfoById': Update client id=68 from profile vk
03-03-2019 14:46:40.496 [http-nio-9999-exec-10] !INFO ! 'c.e.c.c.rest.InitRestController.getVkinfoById': Update client id=69 from profile vk
03-03-2019 14:46:40.504 [http-nio-9999-exec-10] !INFO ! 'c.e.c.c.rest.InitRestController.getVkinfoById': Update client id=70 from profile vk
03-03-2019 14:46:40.513 [http-nio-9999-exec-10] !INFO ! 'c.e.c.c.rest.InitRestController.getVkinfoById': Update client id=71 from profile vk
03-03-2019 14:46:40.522 [http-nio-9999-exec-10] !INFO ! 'c.e.c.c.rest.InitRestController.getVkinfoById': Update client id=72 from profile vk
03-03-2019 14:46:40.531 [http-nio-9999-exec-10] !INFO ! 'c.e.c.c.rest.InitRestController.getVkinfoById': Update client id=73 from profile vk
03-03-2019 14:46:40.539 [http-nio-9999-exec-10] !INFO ! 'c.e.c.c.rest.InitRestController.getVkinfoById': Update client id=74 from profile vk
03-03-2019 14:47:54.666 [http-nio-9999-exec-1] !INFO ! 'c.e.c.c.rest.ClientRestController.getClientsNewFirst': No more clients
03-03-2019 14:50:06.636 [http-nio-9999-exec-6] !INFO ! 'c.e.c.c.r.a.AdminRestClientController.updateClient': Stanislav Sorokin has updated client: id 5, email teststatususer0@gmail.com
03-03-2019 14:50:24.872 [http-nio-9999-exec-9] !INFO ! 'c.e.c.c.r.a.AdminRestClientController.updateClient': Stanislav Sorokin has updated client: id 6, email teststatususer1@gmail.com
03-03-2019 14:50:40.872 [http-nio-9999-exec-9] !INFO ! 'c.e.c.c.r.a.AdminRestClientController.updateClient': Stanislav Sorokin has updated client: id 7, email teststatususer2@gmail.com
03-03-2019 14:50:59.911 [http-nio-9999-exec-1] !INFO ! 'c.e.c.c.r.a.AdminRestClientController.updateClient': Stanislav Sorokin has updated client: id 8, email teststatususer3@gmail.com
03-03-2019 14:51:12.442 [http-nio-9999-exec-5] !INFO ! 'c.e.c.c.r.a.AdminRestClientController.updateClient': Stanislav Sorokin has updated client: id 9, email teststatususer4@gmail.com
03-03-2019 14:51:25.908 [http-nio-9999-exec-5] !INFO ! 'c.e.c.c.r.a.AdminRestClientController.updateClient': Stanislav Sorokin has updated client: id 10, email teststatususer5@gmail.com
03-03-2019 14:51:41.042 [http-nio-9999-exec-2] !INFO ! 'c.e.c.c.r.a.AdminRestClientController.updateClient': Stanislav Sorokin has updated client: id 11, email teststatususer6@gmail.com
03-03-2019 14:51:50.489 [http-nio-9999-exec-3] !INFO ! 'c.e.c.c.r.a.AdminRestClientController.updateClient': Stanislav Sorokin has updated client: id 12, email teststatususer7@gmail.com
03-03-2019 14:52:00.894 [http-nio-9999-exec-4] !INFO ! 'c.e.c.c.r.a.AdminRestClientController.updateClient': Stanislav Sorokin has updated client: id 13, email teststatususer8@gmail.com
03-03-2019 14:52:13.190 [http-nio-9999-exec-5] !INFO ! 'c.e.c.c.r.a.AdminRestClientController.updateClient': Stanislav Sorokin has updated client: id 14, email teststatususer9@gmail.com
03-03-2019 14:52:24.945 [http-nio-9999-exec-8] !INFO ! 'c.e.c.c.r.a.AdminRestClientController.updateClient': Stanislav Sorokin has updated client: id 15, email teststatususer10@gmail.com
03-03-2019 14:52:35.012 [http-nio-9999-exec-2] !INFO ! 'c.e.c.c.r.a.AdminRestClientController.updateClient': Stanislav Sorokin has updated client: id 16, email teststatususer11@gmail.com
03-03-2019 14:52:44.475 [http-nio-9999-exec-4] !INFO ! 'c.e.c.c.r.a.AdminRestClientController.updateClient': Stanislav Sorokin has updated client: id 17, email teststatususer12@gmail.com
03-03-2019 14:52:54.529 [http-nio-9999-exec-7] !INFO ! 'c.e.c.c.r.a.AdminRestClientController.updateClient': Stanislav Sorokin has updated client: id 18, email teststatususer13@gmail.com
03-03-2019 14:53:04.221 [http-nio-9999-exec-6] !INFO ! 'c.e.c.c.r.a.AdminRestClientController.updateClient': Stanislav Sorokin has updated client: id 19, email teststatususer14@gmail.com
03-03-2019 14:53:15.181 [http-nio-9999-exec-1] !INFO ! 'c.e.c.c.r.a.AdminRestClientController.updateClient': Stanislav Sorokin has updated client: id 20, email teststatususer15@gmail.com
03-03-2019 14:53:25.298 [http-nio-9999-exec-4] !INFO ! 'c.e.c.c.r.a.AdminRestClientController.updateClient': Stanislav Sorokin has updated client: id 21, email teststatususer16@gmail.com
03-03-2019 14:53:35.166 [http-nio-9999-exec-7] !INFO ! 'c.e.c.c.r.a.AdminRestClientController.updateClient': Stanislav Sorokin has updated client: id 22, email teststatususer17@gmail.com
03-03-2019 14:53:45.602 [http-nio-9999-exec-1] !INFO ! 'c.e.c.c.r.a.AdminRestClientController.updateClient': Stanislav Sorokin has updated client: id 23, email teststatususer18@gmail.com
03-03-2019 14:54:00.239 [http-nio-9999-exec-5] !INFO ! 'c.e.c.c.r.a.AdminRestClientController.updateClient': Stanislav Sorokin has updated client: id 24, email teststatususer19@gmail.com
03-03-2019 14:54:16.514 [http-nio-9999-exec-8] !INFO ! 'c.e.c.c.r.a.AdminRestClientController.updateClient': Stanislav Sorokin has updated client: id 25, email testclient0@gmail.com
03-03-2019 14:54:28.299 [http-nio-9999-exec-10] !INFO ! 'c.e.c.c.r.a.AdminRestClientController.updateClient': Stanislav Sorokin has updated client: id 26, email testclient1@gmail.com
03-03-2019 14:54:40.660 [http-nio-9999-exec-9] !INFO ! 'c.e.c.c.r.a.AdminRestClientController.updateClient': Stanislav Sorokin has updated client: id 27, email testclient2@gmail.com
03-03-2019 14:54:50.952 [http-nio-9999-exec-7] !INFO ! 'c.e.c.c.r.a.AdminRestClientController.updateClient': Stanislav Sorokin has updated client: id 28, email testclient3@gmail.com
03-03-2019 14:55:03.537 [http-nio-9999-exec-8] !INFO ! 'c.e.c.c.r.a.AdminRestClientController.updateClient': Stanislav Sorokin has updated client: id 29, email testclient4@gmail.com
03-03-2019 14:55:13.926 [http-nio-9999-exec-10] !INFO ! 'c.e.c.c.r.a.AdminRestClientController.updateClient': Stanislav Sorokin has updated client: id 30, email testclient5@gmail.com
03-03-2019 14:55:23.228 [http-nio-9999-exec-6] !INFO ! 'c.e.c.c.r.a.AdminRestClientController.updateClient': Stanislav Sorokin has updated client: id 31, email testclient6@gmail.com
03-03-2019 14:55:31.705 [http-nio-9999-exec-3] !INFO ! 'c.e.c.c.r.a.AdminRestClientController.updateClient': Stanislav Sorokin has updated client: id 32, email testclient7@gmail.com
03-03-2019 14:55:40.939 [http-nio-9999-exec-8] !INFO ! 'c.e.c.c.r.a.AdminRestClientController.updateClient': Stanislav Sorokin has updated client: id 33, email testclient8@gmail.com
03-03-2019 14:55:53.092 [http-nio-9999-exec-4] !INFO ! 'c.e.c.c.r.a.AdminRestClientController.updateClient': Stanislav Sorokin has updated client: id 34, email testclient9@gmail.com
03-03-2019 14:56:01.144 [http-nio-9999-exec-8] !INFO ! 'c.e.c.c.r.a.AdminRestClientController.updateClient': Stanislav Sorokin has updated client: id 35, email testclient10@gmail.com
03-03-2019 14:56:10.240 [http-nio-9999-exec-3] !INFO ! 'c.e.c.c.r.a.AdminRestClientController.updateClient': Stanislav Sorokin has updated client: id 36, email testclient11@gmail.com
03-03-2019 14:56:20.674 [http-nio-9999-exec-8] !INFO ! 'c.e.c.c.r.a.AdminRestClientController.updateClient': Stanislav Sorokin has updated client: id 37, email testclient12@gmail.com
03-03-2019 14:56:29.112 [http-nio-9999-exec-1] !INFO ! 'c.e.c.c.r.a.AdminRestClientController.updateClient': Stanislav Sorokin has updated client: id 38, email testclient13@gmail.com
03-03-2019 14:56:37.227 [http-nio-9999-exec-1] !INFO ! 'c.e.c.c.r.a.AdminRestClientController.updateClient': Stanislav Sorokin has updated client: id 39, email testclient14@gmail.com
03-03-2019 14:56:45.708 [http-nio-9999-exec-9] !INFO ! 'c.e.c.c.r.a.AdminRestClientController.updateClient': Stanislav Sorokin has updated client: id 40, email testclient15@gmail.com
03-03-2019 14:56:54.743 [http-nio-9999-exec-2] !INFO ! 'c.e.c.c.r.a.AdminRestClientController.updateClient': Stanislav Sorokin has updated client: id 41, email testclient16@gmail.com
03-03-2019 14:57:03.675 [http-nio-9999-exec-5] !INFO ! 'c.e.c.c.r.a.AdminRestClientController.updateClient': Stanislav Sorokin has updated client: id 42, email testclient17@gmail.com
03-03-2019 14:57:11.996 [http-nio-9999-exec-1] !INFO ! 'c.e.c.c.r.a.AdminRestClientController.updateClient': Stanislav Sorokin has updated client: id 43, email testclient18@gmail.com
03-03-2019 14:57:26.477 [http-nio-9999-exec-6] !INFO ! 'c.e.c.c.r.a.AdminRestClientController.updateClient': Stanislav Sorokin has updated client: id 44, email testclient19@gmail.com
03-03-2019 14:57:36.100 [http-nio-9999-exec-10] !INFO ! 'c.e.c.c.r.a.AdminRestClientController.updateClient': Stanislav Sorokin has updated client: id 45, email testclient20@gmail.com
03-03-2019 14:57:47.161 [http-nio-9999-exec-3] !INFO ! 'c.e.c.c.r.a.AdminRestClientController.updateClient': Stanislav Sorokin has updated client: id 46, email testclient21@gmail.com
03-03-2019 14:57:56.823 [http-nio-9999-exec-4] !INFO ! 'c.e.c.c.r.a.AdminRestClientController.updateClient': Stanislav Sorokin has updated client: id 47, email testclient22@gmail.com
03-03-2019 14:58:06.735 [http-nio-9999-exec-2] !INFO ! 'c.e.c.c.r.a.AdminRestClientController.updateClient': Stanislav Sorokin has updated client: id 48, email testclient23@gmail.com
03-03-2019 14:58:18.414 [http-nio-9999-exec-5] !INFO ! 'c.e.c.c.r.a.AdminRestClientController.updateClient': Stanislav Sorokin has updated client: id 49, email testclient24@gmail.com
03-03-2019 14:58:28.500 [http-nio-9999-exec-9] !INFO ! 'c.e.c.c.r.a.AdminRestClientController.updateClient': Stanislav Sorokin has updated client: id 50, email testclient25@gmail.com
03-03-2019 14:58:37.716 [http-nio-9999-exec-5] !INFO ! 'c.e.c.c.r.a.AdminRestClientController.updateClient': Stanislav Sorokin has updated client: id 51, email testclient26@gmail.com
03-03-2019 14:58:51.132 [http-nio-9999-exec-6] !INFO ! 'c.e.c.c.r.a.AdminRestClientController.updateClient': Stanislav Sorokin has updated client: id 52, email testclient27@gmail.com
03-03-2019 14:59:00.432 [http-nio-9999-exec-3] !INFO ! 'c.e.c.c.r.a.AdminRestClientController.updateClient': Stanislav Sorokin has updated client: id 53, email testclient28@gmail.com
03-03-2019 14:59:09.090 [http-nio-9999-exec-1] !INFO ! 'c.e.c.c.r.a.AdminRestClientController.updateClient': Stanislav Sorokin has updated client: id 54, email testclient29@gmail.com
03-03-2019 14:59:18.804 [http-nio-9999-exec-3] !INFO ! 'c.e.c.c.r.a.AdminRestClientController.updateClient': Stanislav Sorokin has updated client: id 56, email testclient31@gmail.com
03-03-2019 14:59:28.691 [http-nio-9999-exec-7] !INFO ! 'c.e.c.c.r.a.AdminRestClientController.updateClient': Stanislav Sorokin has updated client: id 57, email testclient32@gmail.com
03-03-2019 14:59:38.314 [http-nio-9999-exec-9] !INFO ! 'c.e.c.c.r.a.AdminRestClientController.updateClient': Stanislav Sorokin has updated client: id 58, email testclient33@gmail.com
03-03-2019 14:59:47.222 [http-nio-9999-exec-3] !INFO ! 'c.e.c.c.r.a.AdminRestClientController.updateClient': Stanislav Sorokin has updated client: id 59, email testclient34@gmail.com
03-03-2019 14:59:57.650 [http-nio-9999-exec-6] !INFO ! 'c.e.c.c.r.a.AdminRestClientController.updateClient': Stanislav Sorokin has updated client: id 60, email testclient35@gmail.com
03-03-2019 15:00:06.606 [http-nio-9999-exec-3] !INFO ! 'c.e.c.c.r.a.AdminRestClientController.updateClient': Stanislav Sorokin has updated client: id 61, email testclient36@gmail.com
03-03-2019 15:00:14.841 [http-nio-9999-exec-5] !INFO ! 'c.e.c.c.r.a.AdminRestClientController.updateClient': Stanislav Sorokin has updated client: id 62, email testclient37@gmail.com
03-03-2019 15:00:17.411 [http-nio-9999-exec-8] !INFO ! 'c.e.c.c.rest.ClientRestController.getClientsNewFirst': No more clients
03-03-2019 15:00:31.145 [http-nio-9999-exec-8] !INFO ! 'c.e.c.c.r.a.AdminRestClientController.updateClient': Stanislav Sorokin has updated client: id 63, email testclient38@gmail.com
03-03-2019 15:00:39.756 [http-nio-9999-exec-5] !INFO ! 'c.e.c.c.r.a.AdminRestClientController.updateClient': Stanislav Sorokin has updated client: id 64, email testclient39@gmail.com
03-03-2019 15:00:42.365 [http-nio-9999-exec-1] !INFO ! 'c.e.c.c.rest.ClientRestController.getClientsNewFirst': No more clients
03-03-2019 15:00:50.089 [http-nio-9999-exec-1] !INFO ! 'c.e.c.c.r.a.AdminRestClientController.updateClient': Stanislav Sorokin has updated client: id 65, email testclient40@gmail.com
03-03-2019 15:00:59.489 [http-nio-9999-exec-4] !INFO ! 'c.e.c.c.r.a.AdminRestClientController.updateClient': Stanislav Sorokin has updated client: id 66, email testclient41@gmail.com
03-03-2019 15:01:02.809 [http-nio-9999-exec-9] !INFO ! 'c.e.c.c.rest.ClientRestController.getClientsNewFirst': No more clients
03-03-2019 15:01:14.306 [http-nio-9999-exec-5] !INFO ! 'c.e.c.c.r.a.AdminRestClientController.updateClient': Stanislav Sorokin has updated client: id 67, email testclient42@gmail.com
03-03-2019 15:01:23.856 [http-nio-9999-exec-10] !INFO ! 'c.e.c.c.r.a.AdminRestClientController.updateClient': Stanislav Sorokin has updated client: id 68, email testclient43@gmail.com
03-03-2019 15:01:38.821 [http-nio-9999-exec-5] !INFO ! 'c.e.c.c.r.a.AdminRestClientController.updateClient': Stanislav Sorokin has updated client: id 69, email testclient44@gmail.com
03-03-2019 15:01:41.458 [http-nio-9999-exec-3] !INFO ! 'c.e.c.c.rest.ClientRestController.getClientsNewFirst': No more clients
03-03-2019 15:01:48.925 [http-nio-9999-exec-3] !INFO ! 'c.e.c.c.r.a.AdminRestClientController.updateClient': Stanislav Sorokin has updated client: id 70, email testclient45@gmail.com
03-03-2019 15:01:51.328 [http-nio-9999-exec-9] !INFO ! 'c.e.c.c.rest.ClientRestController.getClientsNewFirst': No more clients
03-03-2019 15:01:57.655 [http-nio-9999-exec-9] !INFO ! 'c.e.c.c.r.a.AdminRestClientController.updateClient': Stanislav Sorokin has updated client: id 71, email testclient46@gmail.com
03-03-2019 15:02:01.752 [http-nio-9999-exec-3] !INFO ! 'c.e.c.c.rest.ClientRestController.getClientsNewFirst': No more clients
03-03-2019 15:02:09.325 [http-nio-9999-exec-3] !INFO ! 'c.e.c.c.r.a.AdminRestClientController.updateClient': Stanislav Sorokin has updated client: id 72, email testclient47@gmail.com
03-03-2019 15:02:12.973 [http-nio-9999-exec-5] !INFO ! 'c.e.c.c.rest.ClientRestController.getClientsNewFirst': No more clients
03-03-2019 15:02:17.036 [http-nio-9999-exec-7] !INFO ! 'c.e.c.c.rest.ClientRestController.getClientsNewFirst': No more clients
03-03-2019 15:02:17.044 [http-nio-9999-exec-5] !INFO ! 'c.e.c.c.rest.ClientRestController.getClientsNewFirst': No more clients
03-03-2019 15:02:17.478 [http-nio-9999-exec-9] !INFO ! 'c.e.c.c.rest.ClientRestController.getClientsNewFirst': No more clients
03-03-2019 15:02:17.533 [http-nio-9999-exec-2] !INFO ! 'c.e.c.c.rest.ClientRestController.getClientsNewFirst': No more clients
03-03-2019 15:02:17.636 [http-nio-9999-exec-4] !INFO ! 'c.e.c.c.rest.ClientRestController.getClientsNewFirst': No more clients
03-03-2019 15:02:17.687 [http-nio-9999-exec-8] !INFO ! 'c.e.c.c.rest.ClientRestController.getClientsNewFirst': No more clients
03-03-2019 15:02:41.801 [http-nio-9999-exec-2] !INFO ! 'c.e.c.c.r.a.AdminRestClientController.updateClient': Stanislav Sorokin has updated client: id 74, email testclient49@gmail.com
03-03-2019 15:02:58.410 [http-nio-9999-exec-9] !INFO ! 'c.e.c.c.r.a.AdminRestClientController.updateClient': Stanislav Sorokin has updated client: id 1, email u.dolg@mail.ru
03-03-2019 15:03:08.686 [http-nio-9999-exec-8] !INFO ! 'c.e.c.c.r.a.AdminRestClientController.updateClient': Stanislav Sorokin has updated client: id 2, email vboyko@mail.ru
03-03-2019 15:03:16.907 [http-nio-9999-exec-5] !INFO ! 'c.e.c.c.r.a.AdminRestClientController.updateClient': Stanislav Sorokin has updated client: id 3, email a.solo@mail.ru
03-03-2019 15:03:25.728 [http-nio-9999-exec-6] !INFO ! 'c.e.c.c.r.a.AdminRestClientController.updateClient': Stanislav Sorokin has updated client: id 4, email i.fiod@mail.ru
03-03-2019 15:03:40.681 [http-nio-9999-exec-7] !INFO ! 'c.e.c.c.rest.InitRestController.getVkinfoById': Update client id=1 from profile vk
03-03-2019 15:03:40.819 [http-nio-9999-exec-7] !INFO ! 'c.e.c.c.rest.InitRestController.getVkinfoById': Update client id=2 from profile vk
03-03-2019 15:03:40.966 [http-nio-9999-exec-7] !INFO ! 'c.e.c.c.rest.InitRestController.getVkinfoById': Update client id=3 from profile vk
03-03-2019 15:03:41.163 [http-nio-9999-exec-7] !INFO ! 'c.e.c.c.rest.InitRestController.getVkinfoById': Update client id=4 from profile vk
03-03-2019 15:03:41.308 [http-nio-9999-exec-7] !INFO ! 'c.e.c.c.rest.InitRestController.getVkinfoById': Update client id=5 from profile vk
03-03-2019 15:03:41.466 [http-nio-9999-exec-7] !INFO ! 'c.e.c.c.rest.InitRestController.getVkinfoById': Update client id=6 from profile vk
03-03-2019 15:03:41.663 [http-nio-9999-exec-7] !INFO ! 'c.e.c.c.rest.InitRestController.getVkinfoById': Update client id=7 from profile vk
03-03-2019 15:03:41.810 [http-nio-9999-exec-7] !INFO ! 'c.e.c.c.rest.InitRestController.getVkinfoById': Update client id=8 from profile vk
03-03-2019 15:03:41.962 [http-nio-9999-exec-7] !INFO ! 'c.e.c.c.rest.InitRestController.getVkinfoById': Update client id=9 from profile vk
03-03-2019 15:03:42.132 [http-nio-9999-exec-7] !INFO ! 'c.e.c.c.rest.InitRestController.getVkinfoById': Update client id=10 from profile vk
03-03-2019 15:03:42.260 [http-nio-9999-exec-7] !INFO ! 'c.e.c.c.rest.InitRestController.getVkinfoById': Update client id=11 from profile vk
03-03-2019 15:03:42.459 [http-nio-9999-exec-7] !INFO ! 'c.e.c.c.rest.InitRestController.getVkinfoById': Update client id=12 from profile vk
03-03-2019 15:03:42.638 [http-nio-9999-exec-7] !INFO ! 'c.e.c.c.rest.InitRestController.getVkinfoById': Update client id=13 from profile vk
03-03-2019 15:03:42.809 [http-nio-9999-exec-7] !INFO ! 'c.e.c.c.rest.InitRestController.getVkinfoById': Update client id=14 from profile vk
03-03-2019 15:03:42.977 [http-nio-9999-exec-7] !INFO ! 'c.e.c.c.rest.InitRestController.getVkinfoById': Update client id=15 from profile vk
03-03-2019 15:03:43.140 [http-nio-9999-exec-7] !INFO ! 'c.e.c.c.rest.InitRestController.getVkinfoById': Update client id=16 from profile vk
03-03-2019 15:03:43.294 [http-nio-9999-exec-7] !INFO ! 'c.e.c.c.rest.InitRestController.getVkinfoById': Update client id=17 from profile vk
03-03-2019 15:03:43.480 [http-nio-9999-exec-7] !INFO ! 'c.e.c.c.rest.InitRestController.getVkinfoById': Update client id=18 from profile vk
03-03-2019 15:03:43.618 [http-nio-9999-exec-7] !INFO ! 'c.e.c.c.rest.InitRestController.getVkinfoById': Update client id=19 from profile vk
03-03-2019 15:03:43.747 [http-nio-9999-exec-7] !INFO ! 'c.e.c.c.rest.InitRestController.getVkinfoById': Update client id=20 from profile vk
03-03-2019 15:03:43.886 [http-nio-9999-exec-7] !INFO ! 'c.e.c.c.rest.InitRestController.getVkinfoById': Update client id=21 from profile vk
03-03-2019 15:03:44.036 [http-nio-9999-exec-7] !INFO ! 'c.e.c.c.rest.InitRestController.getVkinfoById': Update client id=22 from profile vk
03-03-2019 15:03:44.215 [http-nio-9999-exec-7] !INFO ! 'c.e.c.c.rest.InitRestController.getVkinfoById': Update client id=23 from profile vk
03-03-2019 15:03:44.362 [http-nio-9999-exec-7] !INFO ! 'c.e.c.c.rest.InitRestController.getVkinfoById': Update client id=24 from profile vk
03-03-2019 15:03:44.523 [http-nio-9999-exec-7] !INFO ! 'c.e.c.c.rest.InitRestController.getVkinfoById': Update client id=25 from profile vk
03-03-2019 15:03:44.668 [http-nio-9999-exec-7] !INFO ! 'c.e.c.c.rest.InitRestController.getVkinfoById': Update client id=26 from profile vk
03-03-2019 15:03:44.827 [http-nio-9999-exec-7] !INFO ! 'c.e.c.c.rest.InitRestController.getVkinfoById': Update client id=27 from profile vk
03-03-2019 15:03:45.027 [http-nio-9999-exec-7] !INFO ! 'c.e.c.c.rest.InitRestController.getVkinfoById': Update client id=28 from profile vk
03-03-2019 15:03:45.186 [http-nio-9999-exec-7] !INFO ! 'c.e.c.c.rest.InitRestController.getVkinfoById': Update client id=29 from profile vk
03-03-2019 15:03:45.374 [http-nio-9999-exec-7] !INFO ! 'c.e.c.c.rest.InitRestController.getVkinfoById': Update client id=30 from profile vk
03-03-2019 15:03:45.539 [http-nio-9999-exec-7] !INFO ! 'c.e.c.c.rest.InitRestController.getVkinfoById': Update client id=31 from profile vk
03-03-2019 15:03:45.719 [http-nio-9999-exec-7] !INFO ! 'c.e.c.c.rest.InitRestController.getVkinfoById': Update client id=32 from profile vk
03-03-2019 15:03:45.857 [http-nio-9999-exec-7] !INFO ! 'c.e.c.c.rest.InitRestController.getVkinfoById': Update client id=33 from profile vk
03-03-2019 15:03:45.979 [http-nio-9999-exec-7] !INFO ! 'c.e.c.c.rest.InitRestController.getVkinfoById': Update client id=34 from profile vk
03-03-2019 15:03:46.155 [http-nio-9999-exec-7] !INFO ! 'c.e.c.c.rest.InitRestController.getVkinfoById': Update client id=35 from profile vk
03-03-2019 15:03:46.284 [http-nio-9999-exec-7] !INFO ! 'c.e.c.c.rest.InitRestController.getVkinfoById': Update client id=36 from profile vk
03-03-2019 15:03:46.452 [http-nio-9999-exec-7] !INFO ! 'c.e.c.c.rest.InitRestController.getVkinfoById': Update client id=37 from profile vk
03-03-2019 15:03:46.628 [http-nio-9999-exec-7] !INFO ! 'c.e.c.c.rest.InitRestController.getVkinfoById': Update client id=38 from profile vk
03-03-2019 15:03:46.770 [http-nio-9999-exec-7] !INFO ! 'c.e.c.c.rest.InitRestController.getVkinfoById': Update client id=39 from profile vk
03-03-2019 15:03:46.940 [http-nio-9999-exec-7] !INFO ! 'c.e.c.c.rest.InitRestController.getVkinfoById': Update client id=40 from profile vk
03-03-2019 15:03:47.114 [http-nio-9999-exec-7] !INFO ! 'c.e.c.c.rest.InitRestController.getVkinfoById': Update client id=41 from profile vk
03-03-2019 15:03:47.300 [http-nio-9999-exec-7] !INFO ! 'c.e.c.c.rest.InitRestController.getVkinfoById': Update client id=42 from profile vk
03-03-2019 15:03:47.479 [http-nio-9999-exec-7] !INFO ! 'c.e.c.c.rest.InitRestController.getVkinfoById': Update client id=43 from profile vk
03-03-2019 15:03:47.610 [http-nio-9999-exec-7] !INFO ! 'c.e.c.c.rest.InitRestController.getVkinfoById': Update client id=44 from profile vk
03-03-2019 15:03:47.750 [http-nio-9999-exec-7] !INFO ! 'c.e.c.c.rest.InitRestController.getVkinfoById': Update client id=45 from profile vk
03-03-2019 15:03:47.912 [http-nio-9999-exec-7] !INFO ! 'c.e.c.c.rest.InitRestController.getVkinfoById': Update client id=46 from profile vk
03-03-2019 15:03:48.065 [http-nio-9999-exec-7] !INFO ! 'c.e.c.c.rest.InitRestController.getVkinfoById': Update client id=47 from profile vk
03-03-2019 15:03:48.339 [http-nio-9999-exec-7] !INFO ! 'c.e.c.c.rest.InitRestController.getVkinfoById': Update client id=48 from profile vk
03-03-2019 15:03:48.513 [http-nio-9999-exec-7] !INFO ! 'c.e.c.c.rest.InitRestController.getVkinfoById': Update client id=49 from profile vk
03-03-2019 15:03:48.730 [http-nio-9999-exec-7] !INFO ! 'c.e.c.c.rest.InitRestController.getVkinfoById': Update client id=50 from profile vk
03-03-2019 15:03:48.871 [http-nio-9999-exec-7] !INFO ! 'c.e.c.c.rest.InitRestController.getVkinfoById': Update client id=51 from profile vk
03-03-2019 15:03:49.006 [http-nio-9999-exec-7] !INFO ! 'c.e.c.c.rest.InitRestController.getVkinfoById': Update client id=52 from profile vk
03-03-2019 15:03:49.165 [http-nio-9999-exec-7] !INFO ! 'c.e.c.c.rest.InitRestController.getVkinfoById': Update client id=53 from profile vk
03-03-2019 15:03:49.325 [http-nio-9999-exec-7] !INFO ! 'c.e.c.c.rest.InitRestController.getVkinfoById': Update client id=54 from profile vk
03-03-2019 15:03:49.898 [http-nio-9999-exec-7] !INFO ! 'c.e.c.c.rest.InitRestController.getVkinfoById': Update client id=55 from profile vk
03-03-2019 15:03:50.069 [http-nio-9999-exec-7] !INFO ! 'c.e.c.c.rest.InitRestController.getVkinfoById': Update client id=56 from profile vk
03-03-2019 15:03:50.215 [http-nio-9999-exec-7] !INFO ! 'c.e.c.c.rest.InitRestController.getVkinfoById': Update client id=57 from profile vk
03-03-2019 15:03:50.369 [http-nio-9999-exec-7] !INFO ! 'c.e.c.c.rest.InitRestController.getVkinfoById': Update client id=58 from profile vk
03-03-2019 15:03:50.497 [http-nio-9999-exec-7] !INFO ! 'c.e.c.c.rest.InitRestController.getVkinfoById': Update client id=59 from profile vk
03-03-2019 15:03:50.683 [http-nio-9999-exec-7] !INFO ! 'c.e.c.c.rest.InitRestController.getVkinfoById': Update client id=60 from profile vk
03-03-2019 15:03:50.896 [http-nio-9999-exec-7] !INFO ! 'c.e.c.c.rest.InitRestController.getVkinfoById': Update client id=61 from profile vk
03-03-2019 15:03:51.050 [http-nio-9999-exec-7] !INFO ! 'c.e.c.c.rest.InitRestController.getVkinfoById': Update client id=62 from profile vk
03-03-2019 15:03:51.209 [http-nio-9999-exec-7] !INFO ! 'c.e.c.c.rest.InitRestController.getVkinfoById': Update client id=63 from profile vk
03-03-2019 15:03:51.349 [http-nio-9999-exec-7] !INFO ! 'c.e.c.c.rest.InitRestController.getVkinfoById': Update client id=64 from profile vk
03-03-2019 15:03:51.501 [http-nio-9999-exec-7] !INFO ! 'c.e.c.c.rest.InitRestController.getVkinfoById': Update client id=65 from profile vk
03-03-2019 15:03:51.657 [http-nio-9999-exec-7] !INFO ! 'c.e.c.c.rest.InitRestController.getVkinfoById': Update client id=66 from profile vk
03-03-2019 15:03:51.827 [http-nio-9999-exec-7] !INFO ! 'c.e.c.c.rest.InitRestController.getVkinfoById': Update client id=67 from profile vk
03-03-2019 15:03:51.999 [http-nio-9999-exec-7] !INFO ! 'c.e.c.c.rest.InitRestController.getVkinfoById': Update client id=68 from profile vk
03-03-2019 15:03:52.170 [http-nio-9999-exec-7] !INFO ! 'c.e.c.c.rest.InitRestController.getVkinfoById': Update client id=69 from profile vk
03-03-2019 15:03:52.324 [http-nio-9999-exec-7] !INFO ! 'c.e.c.c.rest.InitRestController.getVkinfoById': Update client id=70 from profile vk
03-03-2019 15:03:52.474 [http-nio-9999-exec-7] !INFO ! 'c.e.c.c.rest.InitRestController.getVkinfoById': Update client id=71 from profile vk
03-03-2019 15:03:52.689 [http-nio-9999-exec-7] !INFO ! 'c.e.c.c.rest.InitRestController.getVkinfoById': Update client id=72 from profile vk
03-03-2019 15:03:52.702 [http-nio-9999-exec-7] !INFO ! 'c.e.c.c.rest.InitRestController.getVkinfoById': Update client id=73 from profile vk
03-03-2019 15:03:52.854 [http-nio-9999-exec-7] !INFO ! 'c.e.c.c.rest.InitRestController.getVkinfoById': Update client id=74 from profile vk
03-03-2019 15:04:13.203 [http-nio-9999-exec-5] !INFO ! 'c.e.c.c.rest.ClientRestController.getClientsNewFirst': No more clients
